2024-11-27 21:12:22 Loading main app package /usr/lib/obsidian/obsidian.asar
2024-11-27 21:12:22 Checking for update using Github
2024-11-27 21:12:22 Success.
2024-11-27 21:12:22 Latest version is 1.7.7
2024-11-27 21:12:22 App is up to date.
2024-11-27 21:37:48 Loading main app package /usr/lib/obsidian/obsidian.asar
2024-11-27 21:37:48 Checking for update using Github
2024-11-27 21:37:48 Success.
2024-11-27 21:37:48 Latest version is 1.7.7
2024-11-27 21:37:48 App is up to date.
2024-11-28 05:13:42 Loading main app package /usr/lib/obsidian/obsidian.asar
2024-11-28 05:13:42 Checking for update using Github
2024-11-28 05:13:43 Success.
2024-11-28 05:13:43 Latest version is 1.7.7
2024-11-28 05:13:43 App is up to date.
2024-11-28 20:06:13 Loading main app package /usr/lib/obsidian/obsidian.asar
2024-11-28 20:06:13 Checking for update using Github
2024-11-28 20:06:14 Success.
2024-11-28 20:06:14 Latest version is 1.7.7
2024-11-28 20:06:14 App is up to date.
2024-11-28 21:18:21 Loading main app package /usr/lib/obsidian/obsidian.asar
2024-11-28 21:18:21 Checking for update using Github
2024-11-28 21:18:21 Success.
2024-11-28 21:18:21 Latest version is 1.7.7
2024-11-28 21:18:21 App is up to date.
2024-11-29 05:45:43 Loading main app package /usr/lib/obsidian/obsidian.asar
2024-11-29 05:45:43 Checking for update using Github
2024-11-29 05:45:44 Success.
2024-11-29 05:45:44 Latest version is 1.7.7
2024-11-29 05:45:44 App is up to date.
2024-11-29 07:56:44 Loading main app package /usr/lib/obsidian/obsidian.asar
2024-11-29 07:56:45 Checking for update using Github
2024-11-29 07:56:45 Success.
2024-11-29 07:56:45 Latest version is 1.7.7
2024-11-29 07:56:45 App is up to date.
2024-11-30 16:41:44 Loading main app package /usr/lib/obsidian/obsidian.asar
2024-11-30 16:41:44 Checking for update using Github
2024-11-30 16:41:44 Success.
2024-11-30 16:41:44 Latest version is 1.7.7
2024-11-30 16:41:44 App is up to date.
2024-11-30 21:10:07 Loading main app package /usr/lib/obsidian/obsidian.asar
2024-11-30 21:10:07 Checking for update using Github
2024-11-30 21:45:20 Checking for update using Github
2024-11-30 21:45:20 Success.
2024-11-30 21:45:20 Latest version is 1.7.7
2024-11-30 21:45:20 App is up to date.
2024-12-01 10:45:01 Loading main app package /usr/lib/obsidian/obsidian.asar
2024-12-01 10:45:01 Checking for update using Github
2024-12-01 10:45:02 Success.
2024-12-01 10:45:02 Latest version is 1.7.7
2024-12-01 10:45:02 App is up to date.
2024-12-01 18:53:27 Checking for update using Github
2024-12-01 18:53:28 Success.
2024-12-01 18:53:28 Latest version is 1.7.7
2024-12-01 18:53:28 App is up to date.
